<?xml version="1.0" encoding="UTF-8"?>
<testsuite xmlns:xsi="http://www.w3.org/2001/XMLSchema-instance" xsi:schemaLocation="https://maven.apache.org/surefire/maven-surefire-plugin/xsd/surefire-test-report.xsd" name="TestSuite" time="0.291" tests="10" errors="0" skipped="2" failures="1">
  <properties>
    <property name="java.runtime.name" value="Java(TM) SE Runtime Environment"/>
    <property name="java.vm.version" value="14.0.2+12-46"/>
    <property name="sun.boot.library.path" value="/Library/Java/JavaVirtualMachines/jdk-14.0.2.jdk/Contents/Home/lib"/>
    <property name="maven.multiModuleProjectDirectory" value="/Users/vatsalpatel/Desktop/Selenium_WorkSpace/MyMavenProject"/>
    <property name="java.vm.vendor" value="Oracle Corporation"/>
    <property name="java.vendor.url" value="https://java.oracle.com/"/>
    <property name="guice.disable.misplaced.annotation.check" value="true"/>
    <property name="path.separator" value=":"/>
    <property name="java.vm.name" value="Java HotSpot(TM) 64-Bit Server VM"/>
    <property name="user.country" value="NZ"/>
    <property name="sun.java.launcher" value="SUN_STANDARD"/>
    <property name="java.vm.specification.name" value="Java Virtual Machine Specification"/>
    <property name="user.dir" value="/Users/vatsalpatel/Desktop/Selenium_WorkSpace/MyMavenProject"/>
    <property name="java.vm.compressedOopsMode" value="Zero based"/>
    <property name="java.runtime.version" value="14.0.2+12-46"/>
    <property name="os.arch" value="x86_64"/>
    <property name="java.io.tmpdir" value="/var/folders/h9/dqyc75f11_3fmy1r3lb319_40000gn/T/"/>
    <property name="line.separator" value="&#10;"/>
    <property name="java.vm.specification.vendor" value="Oracle Corporation"/>
    <property name="os.name" value="Mac OS X"/>
    <property name="classworlds.conf" value="/Users/vatsalpatel/Desktop/apache-maven-3.8.4/bin/m2.conf"/>
    <property name="sun.jnu.encoding" value="UTF-8"/>
    <property name="java.library.path" value="/Users/vatsalpatel/Library/Java/Extensions:/Library/Java/Extensions:/Network/Library/Java/Extensions:/System/Library/Java/Extensions:/usr/lib/java:."/>
    <property name="maven.conf" value="/Users/vatsalpatel/Desktop/apache-maven-3.8.4/conf"/>
    <property name="jdk.debug" value="release"/>
    <property name="java.class.version" value="58.0"/>
    <property name="java.specification.name" value="Java Platform API Specification"/>
    <property name="sun.management.compiler" value="HotSpot 64-Bit Tiered Compilers"/>
    <property name="os.version" value="10.16"/>
    <property name="library.jansi.path" value="/Users/vatsalpatel/Desktop/apache-maven-3.8.4/lib/jansi-native"/>
    <property name="http.nonProxyHosts" value="local|*.local|169.254/16|*.169.254/16"/>
    <property name="user.home" value="/Users/vatsalpatel"/>
    <property name="user.timezone" value="America/Detroit"/>
    <property name="file.encoding" value="UTF-8"/>
    <property name="java.specification.version" value="14"/>
    <property name="user.name" value="vatsalpatel"/>
    <property name="java.class.path" value="/Users/vatsalpatel/Desktop/apache-maven-3.8.4/boot/plexus-classworlds-2.6.0.jar"/>
    <property name="java.vm.specification.version" value="14"/>
    <property name="sun.arch.data.model" value="64"/>
    <property name="sun.java.command" value="org.codehaus.plexus.classworlds.launcher.Launcher test"/>
    <property name="java.home" value="/Library/Java/JavaVirtualMachines/jdk-14.0.2.jdk/Contents/Home"/>
    <property name="user.language" value="en"/>
    <property name="java.specification.vendor" value="Oracle Corporation"/>
    <property name="java.vm.info" value="mixed mode, sharing"/>
    <property name="java.version" value="14.0.2"/>
    <property name="java.vendor" value="Oracle Corporation"/>
    <property name="maven.home" value="/Users/vatsalpatel/Desktop/apache-maven-3.8.4"/>
    <property name="file.separator" value="/"/>
    <property name="java.version.date" value="2020-07-14"/>
    <property name="java.vendor.url.bug" value="https://bugreport.java.com/bugreport/"/>
    <property name="sun.io.unicode.encoding" value="UnicodeBig"/>
    <property name="sun.cpu.endian" value="little"/>
    <property name="socksNonProxyHosts" value="local|*.local|169.254/16|*.169.254/16"/>
    <property name="ftp.nonProxyHosts" value="local|*.local|169.254/16|*.169.254/16"/>
  </properties>
  <testcase name="test4" classname="tests.Testing2" time="0.001"/>
  <testcase name="test5" classname="tests.Testing2" time="0"/>
  <testcase name="test1" classname="tests.Testing1" time="0"/>
  <testcase name="test2" classname="tests.Testing1" time="0"/>
  <testcase name="test3" classname="tests.Testing1" time="0"/>
  <testcase name="testDataProvider" classname="tests.Testing1" time="0"/>
  <testcase name="testDataProvider" classname="tests.Testing1" time="0"/>
  <testcase name="createUser" classname="tests.Testing3" time="0.006">
    <failure message="Verifying Element expected [true] but found [false]" type="java.lang.AssertionError">java.lang.AssertionError: Verifying Element expected [true] but found [false]
	at tests.Testing3.createUser(Testing3.java:16)
</failure>
    <system-out><![CDATA[After Method
After Class
I am in home test
Before Assertion
]]></system-out>
  </testcase>
  <testcase name="editUser" classname="tests.Testing3" time="0">
    <skipped message="Method Testing3.editUser()[pri:2, instance:tests.Testing3@1b68ddbd] depends on not successfully finished methods"/>
  </testcase>
  <testcase name="deleteUser" classname="tests.Testing3" time="0">
    <skipped message="Method Testing3.deleteUser()[pri:3, instance:tests.Testing3@1b68ddbd] depends on not successfully finished methods"/>
  </testcase>
</testsuite>